+++++++++++++++++++++
-Start a new simulation
  Origin at x:6,07488e+10, y:-1,37436e+11, z:7,65966e+06
 -> Far overtaking.  distance:5,484e+09 (1617,8-radius) [dx=-2,700e+09, dy= 4,764e+09, dz=-3,045e+08]. New temptative [  1 of 200] with speed vector correction
  Origin at x:6,07488e+10, y:-1,37436e+11, z:7,65966e+06
 -> Far overtaking.  distance:2,456e+09 ( 724,6-radius) [dx=-1,230e+09, dy= 2,125e+09, dz= 7,144e+07]. New temptative [  2 of 200] with speed vector correction
  Origin at x:6,07488e+10, y:-1,37436e+11, z:7,65966e+06
 -> Far overtaking.  distance:1,098e+09 ( 324,0-radius) [dx=-5,247e+08, dy= 9,420e+08, dz= 2,095e+08]. New temptative [  3 of 200] with speed vector correction
  Origin at x:6,07488e+10, y:-1,37436e+11, z:7,65966e+06
 -> Near overtaking. distance:5,258e+08 ( 155,1-radius) [dx=-2,108e+08, dy= 4,209e+08, dz= 2,343e+08]. New temptative [  4 of 200] with speed vector correction
  Origin at x:6,07488e+10, y:-1,37436e+11, z:7,65966e+06
 -> Near overtaking. distance:2,973e+08 (  87,7-radius) [dx=-7,713e+07, dy= 1,913e+08, dz= 2,142e+08]. New temptative [  5 of 200] with speed vector correction
  Origin at x:6,07488e+10, y:-1,37436e+11, z:7,65966e+06
 -> Near overtaking. distance:2,029e+08 (  59,9-radius) [dx=-2,224e+07, dy= 8,954e+07, dz= 1,808e+08]. New temptative [  6 of 200] with speed vector correction
  Origin at x:6,07488e+10, y:-1,37436e+11, z:7,65966e+06
 -> Near overtaking. distance:1,533e+08 (  45,2-radius) [dx=-1,114e+06, dy= 4,365e+07, dz= 1,470e+08]. New temptative [  7 of 200] with speed vector correction
  Origin at x:6,07488e+10, y:-1,37436e+11, z:7,65966e+06
 -> Near overtaking. distance:1,195e+08 (  35,3-radius) [dx= 6,114e+06, dy= 2,250e+07, dz= 1,172e+08]. New temptative [  8 of 200] with speed vector correction
  Origin at x:6,07488e+10, y:-1,37436e+11, z:7,65966e+06
 -> Near overtaking. distance:9,366e+07 (  27,6-radius) [dx= 7,687e+06, dy= 1,239e+07, dz= 9,252e+07]. New temptative [  9 of 200] with speed vector correction
  Origin at x:6,07488e+10, y:-1,37436e+11, z:7,65966e+06
 -> Near overtaking. distance:7,332e+07 (  21,6-radius) [dx= 6,799e+06, dy= 7,090e+06, dz= 7,266e+07]. New temptative [ 10 of 200] with speed vector correction
  Origin at x:6,07488e+10, y:-1,37436e+11, z:7,65966e+06
 -> Near overtaking. distance:5,728e+07 (  16,9-radius) [dx= 5,562e+06, dy= 4,342e+06, dz= 5,684e+07]. New temptative [ 11 of 200] with speed vector correction
  Origin at x:6,07488e+10, y:-1,37436e+11, z:7,65966e+06
 -> Near overtaking. distance:4,467e+07 (  13,2-radius) [dx= 4,315e+06, dy= 2,779e+06, dz= 4,438e+07]. New temptative [ 12 of 200] with speed vector correction
  Origin at x:6,07488e+10, y:-1,37436e+11, z:7,65966e+06
 -> Near overtaking. distance:3,481e+07 (  10,3-radius) [dx= 2,992e+06, dy= 1,681e+06, dz= 3,464e+07]. New temptative [ 13 of 200] with speed vector correction
  Origin at x:6,07488e+10, y:-1,37436e+11, z:7,65966e+06
 -> Near overtaking. distance:2,709e+07 (   8,0-radius) [dx= 1,910e+06, dy= 9,469e+05, dz= 2,702e+07]. New temptative [ 14 of 200] with speed vector correction
  Origin at x:6,07488e+10, y:-1,37436e+11, z:7,65966e+06
 -> Near overtaking. distance:2,107e+07 (   6,2-radius) [dx= 1,230e+06, dy= 5,409e+05, dz= 2,104e+07]. New temptative [ 15 of 200] with speed vector correction
  Origin at x:6,07488e+10, y:-1,37436e+11, z:7,65966e+06
 -> Near overtaking. distance:1,639e+07 (   4,8-radius) [dx= 4,832e+05, dy= 1,211e+05, dz= 1,639e+07]. New temptative [ 16 of 200] with speed vector correction
  Origin at x:6,07488e+10, y:-1,37436e+11, z:7,65966e+06
 -> Near overtaking. distance:1,275e+07 (   3,8-radius) [dx=-2,668e+04, dy=-1,462e+05, dz= 1,276e+07]. New temptative [ 17 of 200] with speed vector correction
  Origin at x:6,07488e+10, y:-1,37436e+11, z:7,65966e+06
 -> Near overtaking. distance:9,925e+06 (   2,9-radius) [dx=-5,602e+05, dy=-4,303e+05, dz= 9,921e+06]. New temptative [ 18 of 200] with speed vector correction
  Origin at x:6,07488e+10, y:-1,37436e+11, z:7,65966e+06
 -> Near overtaking. distance:7,734e+06 (   2,3-radius) [dx=-8,104e+05, dy=-5,474e+05, dz= 7,698e+06]. New temptative [ 19 of 200] with speed vector correction
  Origin at x:6,07488e+10, y:-1,37436e+11, z:7,65966e+06
 -> Near overtaking. distance:6,051e+06 (   1,8-radius) [dx=-1,056e+06, dy=-6,698e+05, dz= 5,956e+06]. New temptative [ 20 of 200] with speed vector correction
  Origin at x:6,07488e+10, y:-1,37436e+11, z:7,65966e+06
 -> Near overtaking. distance:4,743e+06 (   1,4-radius) [dx=-9,628e+05, dy=-5,942e+05, dz= 4,635e+06]. New temptative [ 21 of 200] with speed vector correction
  Origin at x:6,07488e+10, y:-1,37436e+11, z:7,65966e+06
 -> Near overtaking. distance:3,760e+06 (   1,1-radius) [dx=-1,174e+06, dy=-7,105e+05, dz= 3,553e+06]. New temptative [ 22 of 200] with speed vector correction
  Origin at x:6,07488e+10, y:-1,37436e+11, z:7,65966e+06
****************
Spacecraft Land on date: 2020/12/06-09:35:00, in: Mars.
 Energy lost on landing: -1,441347e+12 Joules
++++++++++++++++

=====================
-Correct Landings
 Landing: Launch time: (1594808000) 2020/07/15-10:13:20; Land date: (1607247300) 2020/12/06-09:35:00; Launch speed: 1,196400e+04; Launch energy: 3,578432e+11; Landing speed: 7,130947e+03; Land energy: 1,271260e+11; EnergyLost: -1,441347e+12

~~~~~~~~~~~~~~~~~~~~~
-Near Approachs
