+++++++++++++++++++++
-Start a new simulation
  Origin at x:6,07488e+10, y:-1,37436e+11, z:7,65966e+06
 -> Far overtaking.  distance:5,484e+09 (1617,8-radius) [dx=-2,700e+09, dy= 4,764e+09, dz=-3,045e+08]. New temptative [  1 of 200] with speed vector correction
  Origin at x:6,07488e+10, y:-1,37436e+11, z:7,65966e+06
 -> Far overtaking.  distance:2,456e+09 ( 724,6-radius) [dx=-1,230e+09, dy= 2,125e+09, dz= 7,144e+07]. New temptative [  2 of 200] with speed vector correction
  Origin at x:6,07488e+10, y:-1,37436e+11, z:7,65966e+06
 -> Far overtaking.  distance:1,098e+09 ( 324,0-radius) [dx=-5,245e+08, dy= 9,422e+08, dz= 2,095e+08]. New temptative [  3 of 200] with speed vector correction
  Origin at x:6,07488e+10, y:-1,37436e+11, z:7,65966e+06
 -> Near overtaking. distance:5,258e+08 ( 155,1-radius) [dx=-2,108e+08, dy= 4,208e+08, dz= 2,343e+08]. New temptative [  4 of 200] with speed vector correction
  Origin at x:6,07488e+10, y:-1,37436e+11, z:7,65966e+06
 -> Near overtaking. distance:2,973e+08 (  87,7-radius) [dx=-7,714e+07, dy= 1,913e+08, dz= 2,142e+08]. New temptative [  5 of 200] with speed vector correction
  Origin at x:6,07488e+10, y:-1,37436e+11, z:7,65966e+06
 -> Near overtaking. distance:2,029e+08 (  59,9-radius) [dx=-2,226e+07, dy= 8,953e+07, dz= 1,808e+08]. New temptative [  6 of 200] with speed vector correction
  Origin at x:6,07488e+10, y:-1,37436e+11, z:7,65966e+06
 -> Near overtaking. distance:1,533e+08 (  45,2-radius) [dx=-8,731e+05, dy= 4,379e+07, dz= 1,469e+08]. New temptative [  7 of 200] with speed vector correction
  Origin at x:6,07488e+10, y:-1,37436e+11, z:7,65966e+06
 -> Near overtaking. distance:1,195e+08 (  35,3-radius) [dx= 6,105e+06, dy= 2,249e+07, dz= 1,172e+08]. New temptative [  8 of 200] with speed vector correction
  Origin at x:6,07488e+10, y:-1,37436e+11, z:7,65966e+06
 -> Near overtaking. distance:9,367e+07 (  27,6-radius) [dx= 7,674e+06, dy= 1,238e+07, dz= 9,253e+07]. New temptative [  9 of 200] with speed vector correction
  Origin at x:6,07488e+10, y:-1,37436e+11, z:7,65966e+06
 -> Near overtaking. distance:7,333e+07 (  21,6-radius) [dx= 6,784e+06, dy= 7,081e+06, dz= 7,267e+07]. New temptative [ 10 of 200] with speed vector correction
  Origin at x:6,07488e+10, y:-1,37436e+11, z:7,65966e+06
 -> Near overtaking. distance:5,728e+07 (  16,9-radius) [dx= 5,547e+06, dy= 4,333e+06, dz= 5,685e+07]. New temptative [ 11 of 200] with speed vector correction
  Origin at x:6,07488e+10, y:-1,37436e+11, z:7,65966e+06
 -> Near overtaking. distance:4,468e+07 (  13,2-radius) [dx= 4,299e+06, dy= 2,770e+06, dz= 4,438e+07]. New temptative [ 12 of 200] with speed vector correction
  Origin at x:6,07488e+10, y:-1,37436e+11, z:7,65966e+06
 -> Near overtaking. distance:3,481e+07 (  10,3-radius) [dx= 2,976e+06, dy= 1,671e+06, dz= 3,464e+07]. New temptative [ 13 of 200] with speed vector correction
  Origin at x:6,07488e+10, y:-1,37436e+11, z:7,65966e+06
 -> Near overtaking. distance:2,709e+07 (   8,0-radius) [dx= 1,894e+06, dy= 9,374e+05, dz= 2,702e+07]. New temptative [ 14 of 200] with speed vector correction
  Origin at x:6,07488e+10, y:-1,37436e+11, z:7,65966e+06
 -> Near overtaking. distance:2,107e+07 (   6,2-radius) [dx= 1,213e+06, dy= 5,312e+05, dz= 2,104e+07]. New temptative [ 15 of 200] with speed vector correction
  Origin at x:6,07488e+10, y:-1,37436e+11, z:7,65966e+06
 -> Near overtaking. distance:1,639e+07 (   4,8-radius) [dx= 4,658e+05, dy= 1,112e+05, dz= 1,639e+07]. New temptative [ 16 of 200] with speed vector correction
  Origin at x:6,07488e+10, y:-1,37436e+11, z:7,65966e+06
 -> Near overtaking. distance:1,275e+07 (   3,8-radius) [dx=-4,456e+04, dy=-1,563e+05, dz= 1,276e+07]. New temptative [ 17 of 200] with speed vector correction
  Origin at x:6,07488e+10, y:-1,37436e+11, z:7,65966e+06
 -> Near overtaking. distance:9,926e+06 (   2,9-radius) [dx=-5,787e+05, dy=-4,408e+05, dz= 9,920e+06]. New temptative [ 18 of 200] with speed vector correction
  Origin at x:6,07488e+10, y:-1,37436e+11, z:7,65966e+06
 -> Near overtaking. distance:7,735e+06 (   2,3-radius) [dx=-8,296e+05, dy=-5,583e+05, dz= 7,696e+06]. New temptative [ 19 of 200] with speed vector correction
  Origin at x:6,07488e+10, y:-1,37436e+11, z:7,65966e+06
 -> Near overtaking. distance:6,052e+06 (   1,8-radius) [dx=-1,076e+06, dy=-6,811e+05, dz= 5,954e+06]. New temptative [ 20 of 200] with speed vector correction
  Origin at x:6,07488e+10, y:-1,37436e+11, z:7,65966e+06
 -> Near overtaking. distance:4,744e+06 (   1,4-radius) [dx=-9,835e+05, dy=-6,061e+05, dz= 4,632e+06]. New temptative [ 21 of 200] with speed vector correction
  Origin at x:6,07488e+10, y:-1,37436e+11, z:7,65966e+06
 -> Near overtaking. distance:3,763e+06 (   1,1-radius) [dx=-1,196e+06, dy=-7,228e+05, dz= 3,549e+06]. New temptative [ 22 of 200] with speed vector correction
  Origin at x:6,07488e+10, y:-1,37436e+11, z:7,65966e+06
****************
Spacecraft Land on date: 2020/12/06-09:35:00, in: Mars.
 Energy lost on landing: -1,441494e+12 Joules
++++++++++++++++

=====================
-Correct Landings
 Landing: Launch time: (1594808000) 2020/07/15-10:13:20; Land date: (1607247300) 2020/12/06-09:35:00; Launch speed: 1,196400e+04; Launch energy: 3,578432e+11; Landing speed: 7,135655e+03; Land energy: 1,272939e+11; EnergyLost: -1,441494e+12

~~~~~~~~~~~~~~~~~~~~~
-Near Approachs
